# JRE version: OpenJDK Runtime Environment (8.0_422-b05) (build 1.8.0_422-b05)
# Java VM: OpenJDK 64-Bit Server VM (25.422-b05 mixed mode windows-amd64 compressed oops)
Heap:
 PSYoungGen      total 699904K, used 532684K [0x0000000780c00000, 0x00000007b4900000, 0x00000007c0000000)
  eden space 629248K, 78% used [0x0000000780c00000,0x000000079ee98a50,0x00000007a7280000)
  from space 70656K, 54% used [0x00000007a7280000,0x00000007a981a6b8,0x00000007ab780000)
  to   space 70656K, 0% used [0x00000007b0400000,0x00000007b0400000,0x00000007b4900000)
 ParOldGen       total 293888K, used 238220K [0x0000000702400000, 0x0000000714300000, 0x0000000780c00000)
  object space 293888K, 81% used [0x0000000702400000,0x0000000710ca31e0,0x0000000714300000)
 Metaspace       used 65469K, capacity 66771K, committed 66816K, reserved 1107968K
  class space    used 8080K, capacity 8420K, committed 8448K, reserved 1048576K
GC Heap History (10 events):
Event: 72.790 GC heap before
{Heap before GC invocations=31 (full 5):
 PSYoungGen      total 615936K, used 0K [0x0000000780c00000, 0x00000007a9200000, 0x00000007c0000000)
  eden space 573440K, 0% used [0x0000000780c00000,0x0000000780c00000,0x00000007a3c00000)
  from space 42496K, 0% used [0x00000007a6680000,0x00000007a6680000,0x00000007a9000000)
  to   space 43520K, 0% used [0x00000007a3c00000,0x00000007a3c00000,0x00000007a6680000)
 ParOldGen       total 293888K, used 151600K [0x0000000702400000, 0x0000000714300000, 0x0000000780c00000)
  object space 293888K, 51% used [0x0000000702400000,0x000000070b80c340,0x0000000714300000)
 Metaspace       used 54710K, capacity 55727K, committed 55936K, reserved 1097728K
  class space    used 6930K, capacity 7210K, committed 7296K, reserved 1048576K
Event: 72.858 GC heap after
Heap after GC invocations=31 (full 5):
 PSYoungGen      total 615936K, used 0K [0x0000000780c00000, 0x00000007a9200000, 0x00000007c0000000)
  eden space 573440K, 0% used [0x0000000780c00000,0x0000000780c00000,0x00000007a3c00000)
  from space 42496K, 0% used [0x00000007a6680000,0x00000007a6680000,0x00000007a9000000)
  to   space 43520K, 0% used [0x00000007a3c00000,0x00000007a3c00000,0x00000007a6680000)
 ParOldGen       total 293888K, used 151600K [0x0000000702400000, 0x0000000714300000, 0x0000000780c00000)
  object space 293888K, 51% used [0x0000000702400000,0x000000070b80c340,0x0000000714300000)
 Metaspace       used 54710K, capacity 55727K, committed 55936K, reserved 1097728K
  class space    used 6930K, capacity 7210K, committed 7296K, reserved 1048576K
}
Event: 78.432 GC heap before
{Heap before GC invocations=32 (full 5):
 PSYoungGen      total 615936K, used 573440K [0x0000000780c00000, 0x00000007a9200000, 0x00000007c0000000)
  eden space 573440K, 100% used [0x0000000780c00000,0x00000007a3c00000,0x00000007a3c00000)
  from space 42496K, 0% used [0x00000007a6680000,0x00000007a6680000,0x00000007a9000000)
  to   space 43520K, 0% used [0x00000007a3c00000,0x00000007a3c00000,0x00000007a6680000)
 ParOldGen       total 293888K, used 151600K [0x0000000702400000, 0x0000000714300000, 0x0000000780c00000)
  object space 293888K, 51% used [0x0000000702400000,0x000000070b80c340,0x0000000714300000)
 Metaspace       used 60859K, capacity 61947K, committed 62336K, reserved 1103872K
  class space    used 7654K, capacity 7946K, committed 8064K, reserved 1048576K
Event: 78.461 GC heap after
Heap after GC invocations=32 (full 5):
 PSYoungGen      total 616960K, used 43491K [0x0000000780c00000, 0x00000007aed00000, 0x00000007c0000000)
  eden space 573440K, 0% used [0x0000000780c00000,0x0000000780c00000,0x00000007a3c00000)
  from space 43520K, 99% used [0x00000007a3c00000,0x00000007a6678e80,0x00000007a6680000)
  to   space 54784K, 0% used [0x00000007ab780000,0x00000007ab780000,0x00000007aed00000)
 ParOldGen       total 293888K, used 163521K [0x0000000702400000, 0x0000000714300000, 0x0000000780c00000)
  object space 293888K, 55% used [0x0000000702400000,0x000000070c3b05a8,0x0000000714300000)
 Metaspace       used 60859K, capacity 61947K, committed 62336K, reserved 1103872K
  class space    used 7654K, capacity 7946K, committed 8064K, reserved 1048576K
}
Event: 81.396 GC heap before
{Heap before GC invocations=33 (full 5):
 PSYoungGen      total 616960K, used 301386K [0x0000000780c00000, 0x00000007aed00000, 0x00000007c0000000)
  eden space 573440K, 44% used [0x0000000780c00000,0x00000007907d9a50,0x00000007a3c00000)
  from space 43520K, 99% used [0x00000007a3c00000,0x00000007a6678e80,0x00000007a6680000)
  to   space 54784K, 0% used [0x00000007ab780000,0x00000007ab780000,0x00000007aed00000)
 ParOldGen       total 293888K, used 163521K [0x0000000702400000, 0x0000000714300000, 0x0000000780c00000)
  object space 293888K, 55% used [0x0000000702400000,0x000000070c3b05a8,0x0000000714300000)
 Metaspace       used 63284K, capacity 64447K, committed 64640K, reserved 1105920K
  class space    used 7942K, capacity 8242K, committed 8320K, reserved 1048576K
Event: 81.429 GC heap after
Heap after GC invocations=33 (full 5):
 PSYoungGen      total 684032K, used 54756K [0x0000000780c00000, 0x00000007b0c00000, 0x00000007c0000000)
  eden space 629248K, 0% used [0x0000000780c00000,0x0000000780c00000,0x00000007a7280000)
  from space 54784K, 99% used [0x00000007ab780000,0x00000007aecf9298,0x00000007aed00000)
  to   space 70656K, 0% used [0x00000007a7280000,0x00000007a7280000,0x00000007ab780000)
 ParOldGen       total 293888K, used 181421K [0x0000000702400000, 0x0000000714300000, 0x0000000780c00000)
  object space 293888K, 61% used [0x0000000702400000,0x000000070d52b478,0x0000000714300000)
 Metaspace       used 63284K, capacity 64447K, committed 64640K, reserved 1105920K
  class space    used 7942K, capacity 8242K, committed 8320K, reserved 1048576K
}
Event: 81.429 GC heap before
{Heap before GC invocations=34 (full 6):
 PSYoungGen      total 684032K, used 54756K [0x0000000780c00000, 0x00000007b0c00000, 0x00000007c0000000)
  eden space 629248K, 0% used [0x0000000780c00000,0x0000000780c00000,0x00000007a7280000)
  from space 54784K, 99% used [0x00000007ab780000,0x00000007aecf9298,0x00000007aed00000)
  to   space 70656K, 0% used [0x00000007a7280000,0x00000007a7280000,0x00000007ab780000)
 ParOldGen       total 293888K, used 181421K [0x0000000702400000, 0x0000000714300000, 0x0000000780c00000)
  object space 293888K, 61% used [0x0000000702400000,0x000000070d52b478,0x0000000714300000)
 Metaspace       used 63284K, capacity 64447K, committed 64640K, reserved 1105920K
  class space    used 7942K, capacity 8242K, committed 8320K, reserved 1048576K
Event: 82.106 GC heap after
Heap after GC invocations=34 (full 6):
 PSYoungGen      total 684032K, used 0K [0x0000000780c00000, 0x00000007b0c00000, 0x00000007c0000000)
  eden space 629248K, 0% used [0x0000000780c00000,0x0000000780c00000,0x00000007a7280000)
  from space 54784K, 0% used [0x00000007ab780000,0x00000007ab780000,0x00000007aed00000)
  to   space 70656K, 0% used [0x00000007a7280000,0x00000007a7280000,0x00000007ab780000)
 ParOldGen       total 293888K, used 221572K [0x0000000702400000, 0x0000000714300000, 0x0000000780c00000)
  object space 293888K, 75% used [0x0000000702400000,0x000000070fc611c0,0x0000000714300000)
 Metaspace       used 63284K, capacity 64447K, committed 64640K, reserved 1105920K
  class space    used 7942K, capacity 8242K, committed 8320K, reserved 1048576K
}
Event: 83.848 GC heap before
{Heap before GC invocations=35 (full 6):
 PSYoungGen      total 684032K, used 626079K [0x0000000780c00000, 0x00000007b0c00000, 0x00000007c0000000)
  eden space 629248K, 99% used [0x0000000780c00000,0x00000007a6f67c68,0x00000007a7280000)
  from space 54784K, 0% used [0x00000007ab780000,0x00000007ab780000,0x00000007aed00000)
  to   space 70656K, 0% used [0x00000007a7280000,0x00000007a7280000,0x00000007ab780000)
 ParOldGen       total 293888K, used 237956K [0x0000000702400000, 0x0000000714300000, 0x0000000780c00000)
  object space 293888K, 80% used [0x0000000702400000,0x0000000710c611d0,0x0000000714300000)
 Metaspace       used 64343K, capacity 65599K, committed 65792K, reserved 1105920K
  class space    used 8029K, capacity 8358K, committed 8448K, reserved 1048576K
Event: 83.863 GC heap after
Heap after GC invocations=35 (full 6):
 PSYoungGen      total 699904K, used 38505K [0x0000000780c00000, 0x00000007b4900000, 0x00000007c0000000)
  eden space 629248K, 0% used [0x0000000780c00000,0x0000000780c00000,0x00000007a7280000)
  from space 70656K, 54% used [0x00000007a7280000,0x00000007a981a6b8,0x00000007ab780000)
  to   space 70656K, 0% used [0x00000007b0400000,0x00000007b0400000,0x00000007b4900000)
 ParOldGen       total 293888K, used 238220K [0x0000000702400000, 0x0000000714300000, 0x0000000780c00000)
  object space 293888K, 81% used [0x0000000702400000,0x0000000710ca31e0,0x0000000714300000)
 Metaspace       used 64343K, capacity 65599K, committed 65792K, reserved 1105920K
  class space    used 8029K, capacity 8358K, committed 8448K, reserved 1048576K
}

